<?xml version="1.0" encoding="UTF-8"?>
<!-- Generated by org.testng.reporters.JUnitXMLReporter -->
<testsuite ignored="0" hostname="DESKTOP-TFLDBQ4" failures="0" tests="13" name="Command line test" time="0.044" errors="0" timestamp="2021-11-07T16:12:18 MSK">
  <testcase classname="FirstExampleTest" name="testArrays" time="0.003"/>
  <testcase classname="FirstExampleTest" name="testForLoop" time="0.0"/>
  <testcase classname="FirstExampleTest" name="testLoginTest" time="0.001"/>
  <testcase classname="FirstExampleTest" name="testMoreNumbers" time="0.001"/>
  <testcase classname="FirstExampleTest" name="testMyMethod" time="0.008"/>
  <testcase classname="FirstExampleTest" name="testMyMethod002" time="0.0"/>
  <testcase classname="FirstExampleTest" name="testName" time="0.0"/>
  <testcase classname="FirstExampleTest" name="testNumberOfSomething" time="0.001"/>
  <testcase classname="FirstExampleTest" name="testNumbers" time="0.0"/>
  <testcase classname="FirstExampleTest" name="testShouldPrintHello" time="0.0"/>
  <testcase classname="FirstExampleTest" name="testString" time="0.002"/>
  <testcase classname="SecondExampleTest" name="testBooleans" time="0.0"/>
  <testcase classname="SecondExampleTest" name="testName" time="0.001"/>
</testsuite> <!-- Command line test -->
