<?xml version="1.0" encoding="UTF-8" ?>
<testsuite tests="13" failures="0" name="TestSuite" time="0.019" errors="0" skipped="0">
  <properties>
[...]
</properties>
  <testcase classname="FirstExampleTest" name="testArrays" time="0.003"/>
  <testcase classname="FirstExampleTest" name="testForLoop" time="0.001"/>
  <testcase classname="FirstExampleTest" name="testLoginTest" time="0.001"/>
  <testcase classname="FirstExampleTest" name="testMoreNumbers" time="0"/>
  <testcase classname="FirstExampleTest" name="testMyMethod" time="0.008"/>
  <testcase classname="FirstExampleTest" name="testMyMethod002" time="0.001"/>
  <testcase classname="FirstExampleTest" name="testName" time="0"/>
  <testcase classname="FirstExampleTest" name="testNumberOfSomething" time="0.001"/>
  <testcase classname="FirstExampleTest" name="testNumbers" time="0.001"/>
  <testcase classname="FirstExampleTest" name="testShouldPrintHello" time="0"/>
  <testcase classname="FirstExampleTest" name="testString" time="0.003"/>
  <testcase classname="SecondExampleTest" name="testBooleans" time="0"/>
  <testcase classname="SecondExampleTest" name="testName" time="0"/>
</testsuite>